============================================
­ЪД╣ S3 жЄЇтцЇТќЄС╗ХТИЁуљє
   ТЌЦТюЪУїЃтЏ┤: 2025-10-01 УЄ│ 2025-10-04
   ТеАт╝Ј: delete
============================================

­ЪЊЁ тцёуљє: 2025-10-01
   РюЁ ТЌажЄЇтцЇТќЄС╗Х

­ЪЊЁ тцёуљє: 2025-10-02
   РюЁ ТЌажЄЇтцЇТќЄС╗Х

­ЪЊЁ тцёуљє: 2025-10-03
   РюЁ ТЌажЄЇтцЇТќЄС╗Х

­ЪЊЁ тцёуљє: 2025-10-04
   ­ЪЌЉ№ИЈ тѕажЎц: NC_H09_20251004_0000_R21_FLDK.06001_06001.nc (78M)
   ­ЪЌЉ№ИЈ тѕажЎц: NC_H09_20251004_0010_R21_FLDK.06001_06001.nc (613M)
   ­ЪЌЉ№ИЈ тѕажЎц: NC_H09_20251004_0030_R21_FLDK.06001_06001.nc (618M)
   ­ЪЌЉ№ИЈ тѕажЎц: NC_H09_20251004_0230_R21_FLDK.06001_06001.nc (632M)
   ­ЪЌЉ№ИЈ тѕажЎц: NC_H09_20251004_0300_R21_FLDK.06001_06001.nc (631M)
   ­ЪЌЉ№ИЈ тѕажЎц: NC_H09_20251004_0310_R21_FLDK.06001_06001.nc (631M)
   ­ЪЌЉ№ИЈ тѕажЎц: NC_H09_20251004_0400_R21_FLDK.06001_06001.nc (628M)
   ­ЪЌЉ№ИЈ тѕажЎц: NC_H09_20251004_0410_R21_FLDK.06001_06001.nc (356M)
   ­ЪЌЉ№ИЈ тѕажЎц: NC_H09_20251004_0650_R21_FLDK.06001_06001.nc (561M)
   ­ЪЌЉ№ИЈ тѕажЎц: NC_H09_20251004_0720_R21_FLDK.06001_06001.nc (547M)
   ­ЪЌЉ№ИЈ тѕажЎц: NC_H09_20251004_1300_R21_FLDK.06001_06001.nc (418M)
   ­ЪЌЉ№ИЈ тѕажЎц: NC_H09_20251004_1350_R21_FLDK.06001_06001.nc (394M)
   ­ЪЌЉ№ИЈ тѕажЎц: NC_H09_20251004_2310_R21_FLDK.06001_06001.nc (589M)
   ­ЪЌЉ№ИЈ тѕажЎц: NC_H09_20251004_2320_R21_FLDK.06001_06001.nc (594M)
   ­ЪЊі У»ЦТЌЦТюЪ: 14 СИфТќЄС╗Х, УіѓуюЂ 7.2G

============================================
­ЪЊі ТИЁуљєТђ╗у╗Њ
   Тђ╗ТќЄС╗ХТЋ░: 14
   УіѓуюЂтГўтѓе: 7.2G
============================================
