
> frontend@0.5 dev
> vite --host


  VITE v6.4.1  ready in 495 ms

  ➜  Local:   http://localhost:5173/
  ➜  Network: http://127.0.2.2:5173/
  ➜  Network: http://127.0.2.3:5173/
  ➜  Network: http://192.168.50.139:5173/
  ➜  Network: http://172.16.0.2:5173/
11:07:49 AM [vite] (client) hmr update /src/pages/SettingsPage.tsx
11:10:18 AM [vite] (client) hmr update /src/pages/AboutPage.tsx
11:53:53 AM [vite] (client) hmr update /src/components/ForecastPanel.tsx
3:18:36 PM [vite] (client) hmr update /src/components/SideMenu.tsx
3:19:05 PM [vite] (client) hmr update /src/App.tsx
3:19:06 PM [vite] (client) hmr update /src/App.tsx
3:19:06 PM [vite] (client) hmr update /src/App.tsx
3:37:19 PM [vite] (client) hmr update /src/pages/TrainingMonitor.tsx
3:37:20 PM [vite] (client) hmr update /src/pages/TrainingMonitor.tsx
3:37:21 PM [vite] (client) hmr update /src/pages/TrainingMonitor.tsx
3:43:47 PM [vite] (client) hmr update /src/pages/TrainingMonitor.tsx
5:12:13 PM [vite] (client) hmr update /src/App.tsx
5:13:26 PM [vite] (client) hmr update /src/App.tsx
5:15:46 PM [vite] (client) hmr update /src/App.tsx
5:15:55 PM [vite] (client) hmr update /src/App.tsx
5:15:56 PM [vite] (client) hmr update /src/App.tsx
5:20:49 PM [vite] (client) hmr update /src/pages/TrainingMonitor.tsx
5:25:07 PM [vite] (client) hmr update /src/pages/TrainingMonitor.tsx
5:33:13 PM [vite] (client) hmr update /src/pages/TrainingMonitor.tsx
5:42:38 PM [vite] (client) hmr update /src/pages/TrainingMonitor.tsx
5:43:09 PM [vite] (client) hmr update /src/pages/TrainingMonitor.tsx
5:49:11 PM [vite] (client) hmr update /src/pages/TrainingMonitor.tsx
5:50:01 PM [vite] (client) hmr update /src/pages/TrainingMonitor.tsx
5:50:32 PM [vite] (client) hmr update /src/pages/TrainingMonitor.tsx
5:50:50 PM [vite] (client) hmr update /src/pages/TrainingMonitor.tsx
5:54:53 PM [vite] (client) hmr update /src/pages/TrainingMonitor.tsx
5:58:16 PM [vite] (client) hmr update /src/pages/TrainingMonitor.tsx
6:02:22 PM [vite] (client) hmr update /src/pages/TrainingMonitor.tsx
